================================================================================
Appcelerator Titanium Diagnostics Build Log
The contents of this file are useful to send to Appcelerator Support if
reporting an issue to help us understand your environment, build settings
and aid in debugging. Please attach this log to any issue that you report.
================================================================================

Starting build at 03/13/12 13:47

Build details:

   timestamp=02/23/12 17:46
   module_apiversion=2
   version=1.8.2
   githash=59b3a90


Script arguments:
   /Users/mahlon/Library/Application Support/Titanium/mobilesdk/osx/1.8.2/iphone/builder.py
   simulator
   5.0
   /Volumes/Macintosh HD 2/dev/bizmosis/workspaces/titanium/test
   com.test.tester
   test
   universal
   iphone
   

Building from: /Users/mahlon/Library/Application Support/Titanium/mobilesdk/osx/1.8.2/iphone
Platform: Darwin Kernel Version 11.2.0: Tue Aug  9 20:54:00 PDT 2011; root:xnu-1699.24.8~1/RELEASE_X86_64

Xcode path is: /Developer

[INFO] Detected third-party module: ti.styledlabel/1.3[INFO] Detected third-party module: ti.styledlabel/1.3
githash=59b3a90, existing_git_hash=59b3a90
writing contents of /Volumes/Macintosh HD 2/dev/bizmosis/workspaces/titanium/test/build/iphone/project.xcconfig:

TI_VERSION=1.8.2
TI_SDK_DIR=/Users/mahlon/Library/Application Support/Titanium/mobilesdk/osx/$(TI_VERSION)/iphone
TI_APPID=com.test.tester
OTHER_LDFLAGS[sdk=iphoneos*]=$(inherited) -weak_framework iAd
OTHER_LDFLAGS[sdk=iphonesimulator*]=$(inherited) -weak_framework iAd
#include "module"

old contents


Generated the following stylecode code:

<?xml version="1.0" encoding="UTF-8"?>
<!DOCTYPE plist PUBLIC "-//Apple//DTD PLIST 1.0//EN" "http://www.apple.com/DTDs/PropertyList-1.0.dtd">
<plist version="1.0">
	<dict>
		<key>classes</key>
		<dict>
</dict>

		<key>classes_density</key>
		<dict>
</dict>

		<key>ids</key>
		<dict>
</dict>

		<key>ids_density</key>
		<dict>
</dict>

		<key>tags</key>
		<dict>
</dict>

		<key>tags_density</key>
		<dict>
</dict>

	</dict>
</plist>
Finishing build
